TrabalhoFinal/app/build/intermediates/manifest_merge_blame_file/debug/manifest-merger-blame-debug-report.txt
1<?xml version="1.0" encoding="utf-8"?>
2<manifest xmlns:android="http://schemas.android.com/apk/res/android"
3    package="com.api.trabalhofinal"
4    android:versionCode="1"
5    android:versionName="1.0" >
6
7    <uses-sdk
8        android:minSdkVersion="23"
8-->src\main\AndroidManifest.xml
9        android:targetSdkVersion="32" />
9-->src\main\AndroidManifest.xml
10
11    <!-- Include required permissions for Google Maps API to run. -->
12    <uses-permission android:name="android.permission.ACCESS_NETWORK_STATE" />
12-->[com.google.android.gms:play-services-maps:18.1.0] AndroidManifest.xml:23:5-79
12-->[com.google.android.gms:play-services-maps:18.1.0] AndroidManifest.xml:23:22-76
13    <uses-permission android:name="android.permission.INTERNET" />
13-->[com.google.android.gms:play-services-maps:18.1.0] AndroidManifest.xml:24:5-67
13-->[com.google.android.gms:play-services-maps:18.1.0] AndroidManifest.xml:24:22-64
14
15    <uses-feature
15-->[com.google.android.gms:play-services-maps:18.1.0] AndroidManifest.xml:26:5-28:35
16        android:glEsVersion="0x00020000"
16-->[com.google.android.gms:play-services-maps:18.1.0] AndroidManifest.xml:27:9-41
17        android:required="true" />
17-->[com.google.android.gms:play-services-maps:18.1.0] AndroidManifest.xml:28:9-32
18
19    <queries>
19-->[com.google.android.gms:play-services-maps:18.1.0] AndroidManifest.xml:30:5-34:15
20
21        <!-- Needs to be explicitly declared on Android R+ -->
22        <package android:name="com.google.android.apps.maps" />
22-->[com.google.android.gms:play-services-maps:18.1.0] AndroidManifest.xml:33:9-64
22-->[com.google.android.gms:play-services-maps:18.1.0] AndroidManifest.xml:33:18-61
23    </queries>
24
25    <application
25-->src\main\AndroidManifest.xml:6:5-70:19
26        android:allowBackup="true"
26-->src\main\AndroidManifest.xml:7:9-35
27        android:appComponentFactory="androidx.core.app.CoreComponentFactory"
27-->[androidx.core:core:1.8.0] AndroidManifest.xml:24:18-86
28        android:dataExtractionRules="@xml/data_extraction_rules"
28-->src\main\AndroidManifest.xml:8:9-65
29        android:debuggable="true"
30        android:extractNativeLibs="false"
31        android:fullBackupContent="@xml/backup_rules"
31-->src\main\AndroidManifest.xml:9:9-54
32        android:icon="@mipmap/ic_launcher"
32-->src\main\AndroidManifest.xml:10:9-43
33        android:label="@string/app_name"
33-->src\main\AndroidManifest.xml:11:9-41
34        android:roundIcon="@mipmap/ic_launcher_round"
34-->src\main\AndroidManifest.xml:12:9-54
35        android:supportsRtl="true"
35-->src\main\AndroidManifest.xml:13:9-35
36        android:testOnly="true"
37        android:theme="@style/Theme.TrabalhoFinal" >
37-->src\main\AndroidManifest.xml:14:9-51
38        <activity
38-->src\main\AndroidManifest.xml:16:9-22:20
39            android:name="com.api.trabalhofinal.AddEvent"
39-->src\main\AndroidManifest.xml:17:13-37
40            android:exported="false" >
40-->src\main\AndroidManifest.xml:18:13-37
41            <meta-data
41-->src\main\AndroidManifest.xml:19:13-21:36
42                android:name="android.app.lib_name"
42-->src\main\AndroidManifest.xml:20:17-52
43                android:value="" />
43-->src\main\AndroidManifest.xml:21:17-33
44        </activity>
45        <activity
45-->src\main\AndroidManifest.xml:23:9-29:20
46            android:name="com.api.trabalhofinal.FotosActivity"
46-->src\main\AndroidManifest.xml:24:13-42
47            android:exported="false" >
47-->src\main\AndroidManifest.xml:25:13-37
48            <meta-data
48-->src\main\AndroidManifest.xml:19:13-21:36
49                android:name="android.app.lib_name"
49-->src\main\AndroidManifest.xml:20:17-52
50                android:value="" />
50-->src\main\AndroidManifest.xml:21:17-33
51        </activity>
52        <activity
52-->src\main\AndroidManifest.xml:30:9-36:20
53            android:name="com.api.trabalhofinal.DescricaoActivity"
53-->src\main\AndroidManifest.xml:31:13-46
54            android:exported="false" >
54-->src\main\AndroidManifest.xml:32:13-37
55            <meta-data
55-->src\main\AndroidManifest.xml:19:13-21:36
56                android:name="android.app.lib_name"
56-->src\main\AndroidManifest.xml:20:17-52
57                android:value="" />
57-->src\main\AndroidManifest.xml:21:17-33
58        </activity>
59        <activity
59-->src\main\AndroidManifest.xml:37:9-43:20
60            android:name="com.api.trabalhofinal.ConvidadosActivity"
60-->src\main\AndroidManifest.xml:38:13-47
61            android:exported="false" >
61-->src\main\AndroidManifest.xml:39:13-37
62            <meta-data
62-->src\main\AndroidManifest.xml:19:13-21:36
63                android:name="android.app.lib_name"
63-->src\main\AndroidManifest.xml:20:17-52
64                android:value="" />
64-->src\main\AndroidManifest.xml:21:17-33
65        </activity>
66        <activity
66-->src\main\AndroidManifest.xml:44:9-50:20
67            android:name="com.api.trabalhofinal.DetailEvent"
67-->src\main\AndroidManifest.xml:45:13-40
68            android:exported="false" >
68-->src\main\AndroidManifest.xml:46:13-37
69            <meta-data
69-->src\main\AndroidManifest.xml:19:13-21:36
70                android:name="android.app.lib_name"
70-->src\main\AndroidManifest.xml:20:17-52
71                android:value="" />
71-->src\main\AndroidManifest.xml:21:17-33
72        </activity>
73        <activity
73-->src\main\AndroidManifest.xml:51:9-57:20
74            android:name="com.api.trabalhofinal.SingUpActivity"
74-->src\main\AndroidManifest.xml:52:13-43
75            android:exported="false" >
75-->src\main\AndroidManifest.xml:53:13-37
76            <meta-data
76-->src\main\AndroidManifest.xml:19:13-21:36
77                android:name="android.app.lib_name"
77-->src\main\AndroidManifest.xml:20:17-52
78                android:value="" />
78-->src\main\AndroidManifest.xml:21:17-33
79        </activity>
80        <activity
80-->src\main\AndroidManifest.xml:58:9-60:40
81            android:name="com.api.trabalhofinal.MainMenu"
81-->src\main\AndroidManifest.xml:59:13-37
82            android:exported="false" />
82-->src\main\AndroidManifest.xml:60:13-37
83        <activity
83-->src\main\AndroidManifest.xml:61:9-69:20
84            android:name="com.api.trabalhofinal.LoginActivity"
84-->src\main\AndroidManifest.xml:62:13-42
85            android:exported="true" >
85-->src\main\AndroidManifest.xml:63:13-36
86            <intent-filter>
86-->src\main\AndroidManifest.xml:64:13-68:29
87                <action android:name="android.intent.action.MAIN" />
87-->src\main\AndroidManifest.xml:65:17-69
87-->src\main\AndroidManifest.xml:65:25-66
88
89                <category android:name="android.intent.category.LAUNCHER" />
89-->src\main\AndroidManifest.xml:67:17-77
89-->src\main\AndroidManifest.xml:67:27-74
90            </intent-filter>
91        </activity>
92        <!-- Needs to be explicitly declared on P+ -->
93        <uses-library
93-->[com.google.android.gms:play-services-maps:18.1.0] AndroidManifest.xml:39:9-41:40
94            android:name="org.apache.http.legacy"
94-->[com.google.android.gms:play-services-maps:18.1.0] AndroidManifest.xml:40:13-50
95            android:required="false" />
95-->[com.google.android.gms:play-services-maps:18.1.0] AndroidManifest.xml:41:13-37
96
97        <activity
97-->[com.google.android.gms:play-services-base:18.0.1] AndroidManifest.xml:20:9-22:45
98            android:name="com.google.android.gms.common.api.GoogleApiActivity"
98-->[com.google.android.gms:play-services-base:18.0.1] AndroidManifest.xml:20:19-85
99            android:exported="false"
99-->[com.google.android.gms:play-services-base:18.0.1] AndroidManifest.xml:22:19-43
100            android:theme="@android:style/Theme.Translucent.NoTitleBar" />
100-->[com.google.android.gms:play-services-base:18.0.1] AndroidManifest.xml:21:19-78
101
102        <meta-data
102-->[com.google.android.gms:play-services-basement:18.0.0] AndroidManifest.xml:21:9-23:69
103            android:name="com.google.android.gms.version"
103-->[com.google.android.gms:play-services-basement:18.0.0] AndroidManifest.xml:22:13-58
104            android:value="@integer/google_play_services_version" />
104-->[com.google.android.gms:play-services-basement:18.0.0] AndroidManifest.xml:23:13-66
105
106        <provider
106-->[androidx.emoji2:emoji2:1.2.0] AndroidManifest.xml:24:9-32:20
107            android:name="androidx.startup.InitializationProvider"
107-->[androidx.emoji2:emoji2:1.2.0] AndroidManifest.xml:25:13-67
108            android:authorities="com.api.trabalhofinal.androidx-startup"
108-->[androidx.emoji2:emoji2:1.2.0] AndroidManifest.xml:26:13-68
109            android:exported="false" >
109-->[androidx.emoji2:emoji2:1.2.0] AndroidManifest.xml:27:13-37
110            <meta-data
110-->[androidx.emoji2:emoji2:1.2.0] AndroidManifest.xml:29:13-31:52
111                android:name="androidx.emoji2.text.EmojiCompatInitializer"
111-->[androidx.emoji2:emoji2:1.2.0] AndroidManifest.xml:30:17-75
112                android:value="androidx.startup" />
112-->[androidx.emoji2:emoji2:1.2.0] AndroidManifest.xml:31:17-49
113            <meta-data
113-->[androidx.lifecycle:lifecycle-process:2.4.1] AndroidManifest.xml:31:13-33:52
114                android:name="androidx.lifecycle.ProcessLifecycleInitializer"
114-->[androidx.lifecycle:lifecycle-process:2.4.1] AndroidManifest.xml:32:17-78
115                android:value="androidx.startup" />
115-->[androidx.lifecycle:lifecycle-process:2.4.1] AndroidManifest.xml:33:17-49
116        </provider>
117    </application>
118
119</manifest>